app/build/intermediates/manifest_merge_blame_file/debug/processDebugMainManifest/manifest-merger-blame-debug-report.txt
1<?xml version="1.0" encoding="utf-8"?>
2<manifest xmlns:android="http://schemas.android.com/apk/res/android"
3    package="com.sahyadri.samrakshane"
4    android:versionCode="1"
5    android:versionName="1.0" >
6
7    <uses-sdk
8        android:minSdkVersion="26"
9        android:targetSdkVersion="34" />
10
11    <uses-feature
11-->src\main\AndroidManifest.xml:6:5-8:36
12        android:name="android.hardware.camera"
12-->src\main\AndroidManifest.xml:7:9-47
13        android:required="false" />
13-->src\main\AndroidManifest.xml:8:9-33
14
15    <uses-permission android:name="android.permission.INTERNET" />
15-->src\main\AndroidManifest.xml:10:5-67
15-->src\main\AndroidManifest.xml:10:22-64
16    <uses-permission android:name="android.permission.CAMERA" />
16-->src\main\AndroidManifest.xml:11:5-65
16-->src\main\AndroidManifest.xml:11:22-62
17    <uses-permission android:name="android.permission.ACCESS_FINE_LOCATION" />
17-->src\main\AndroidManifest.xml:12:5-79
17-->src\main\AndroidManifest.xml:12:22-76
18    <uses-permission android:name="android.permission.ACCESS_COARSE_LOCATION" />
18-->src\main\AndroidManifest.xml:13:5-81
18-->src\main\AndroidManifest.xml:13:22-78
19
20    <!-- Although the *SdkVersion is captured in gradle build files, this is required for non gradle builds -->
21    <!-- <uses-sdk android:minSdkVersion="14" /> -->
22    <uses-permission android:name="android.permission.ACCESS_NETWORK_STATE" />
22-->[com.google.firebase:firebase-firestore:24.11.0] AndroidManifest.xml:10:5-79
22-->[com.google.firebase:firebase-firestore:24.11.0] AndroidManifest.xml:10:22-76
23
24    <uses-feature
24-->[com.google.android.gms:play-services-maps:18.2.0] AndroidManifest.xml:26:5-28:35
25        android:glEsVersion="0x00020000"
25-->[com.google.android.gms:play-services-maps:18.2.0] AndroidManifest.xml:27:9-41
26        android:required="true" />
26-->[com.google.android.gms:play-services-maps:18.2.0] AndroidManifest.xml:28:9-32
27
28    <queries>
28-->[com.google.android.gms:play-services-maps:18.2.0] AndroidManifest.xml:30:5-34:15
29
30        <!-- Needs to be explicitly declared on Android R+ -->
31        <package android:name="com.google.android.apps.maps" />
31-->[com.google.android.gms:play-services-maps:18.2.0] AndroidManifest.xml:33:9-64
31-->[com.google.android.gms:play-services-maps:18.2.0] AndroidManifest.xml:33:18-61
32    </queries>
33
34    <uses-permission android:name="android.permission.WAKE_LOCK" />
34-->[androidx.work:work-runtime:2.9.0] AndroidManifest.xml:23:5-68
34-->[androidx.work:work-runtime:2.9.0] AndroidManifest.xml:23:22-65
35    <uses-permission android:name="android.permission.RECEIVE_BOOT_COMPLETED" />
35-->[androidx.work:work-runtime:2.9.0] AndroidManifest.xml:25:5-81
35-->[androidx.work:work-runtime:2.9.0] AndroidManifest.xml:25:22-78
36    <uses-permission android:name="android.permission.FOREGROUND_SERVICE" />
36-->[androidx.work:work-runtime:2.9.0] AndroidManifest.xml:26:5-77
36-->[androidx.work:work-runtime:2.9.0] AndroidManifest.xml:26:22-74
37    <uses-permission android:name="com.google.android.providers.gsf.permission.READ_GSERVICES" />
37-->[com.google.android.recaptcha:recaptcha:18.4.0] AndroidManifest.xml:9:5-98
37-->[com.google.android.recaptcha:recaptcha:18.4.0] AndroidManifest.xml:9:22-95
38
39    <permission
39-->[androidx.core:core:1.12.0] AndroidManifest.xml:22:5-24:47
40        android:name="com.sahyadri.samrakshane.DYNAMIC_RECEIVER_NOT_EXPORTED_PERMISSION"
40-->[androidx.core:core:1.12.0] AndroidManifest.xml:23:9-81
41        android:protectionLevel="signature" />
41-->[androidx.core:core:1.12.0] AndroidManifest.xml:24:9-44
42
43    <uses-permission android:name="com.sahyadri.samrakshane.DYNAMIC_RECEIVER_NOT_EXPORTED_PERMISSION" />
43-->[androidx.core:core:1.12.0] AndroidManifest.xml:26:5-97
43-->[androidx.core:core:1.12.0] AndroidManifest.xml:26:22-94
44
45    <application
45-->src\main\AndroidManifest.xml:15:5-42:19
46        android:name="com.sahyadri.samrakshane.SahyadriApp"
46-->src\main\AndroidManifest.xml:16:9-36
47        android:allowBackup="true"
47-->src\main\AndroidManifest.xml:17:9-35
48        android:appComponentFactory="androidx.core.app.CoreComponentFactory"
48-->[androidx.core:core:1.12.0] AndroidManifest.xml:28:18-86
49        android:debuggable="true"
50        android:extractNativeLibs="false"
51        android:label="@string/app_name"
51-->src\main\AndroidManifest.xml:18:9-41
52        android:supportsRtl="true"
52-->src\main\AndroidManifest.xml:19:9-35
53        android:testOnly="true"
54        android:theme="@style/Theme.SahyadriSamrakshane" >
54-->src\main\AndroidManifest.xml:20:9-57
55        <provider
56            android:name="androidx.startup.InitializationProvider"
56-->src\main\AndroidManifest.xml:23:13-67
57            android:authorities="com.sahyadri.samrakshane.androidx-startup"
57-->src\main\AndroidManifest.xml:24:13-68
58            android:exported="false" >
58-->src\main\AndroidManifest.xml:25:13-37
59            <meta-data
59-->[androidx.emoji2:emoji2:1.3.0] AndroidManifest.xml:29:13-31:52
60                android:name="androidx.emoji2.text.EmojiCompatInitializer"
60-->[androidx.emoji2:emoji2:1.3.0] AndroidManifest.xml:30:17-75
61                android:value="androidx.startup" />
61-->[androidx.emoji2:emoji2:1.3.0] AndroidManifest.xml:31:17-49
62            <meta-data
62-->[androidx.lifecycle:lifecycle-process:2.7.0] AndroidManifest.xml:29:13-31:52
63                android:name="androidx.lifecycle.ProcessLifecycleInitializer"
63-->[androidx.lifecycle:lifecycle-process:2.7.0] AndroidManifest.xml:30:17-78
64                android:value="androidx.startup" />
64-->[androidx.lifecycle:lifecycle-process:2.7.0] AndroidManifest.xml:31:17-49
65            <meta-data
65-->[androidx.profileinstaller:profileinstaller:1.3.0] AndroidManifest.xml:29:13-31:52
66                android:name="androidx.profileinstaller.ProfileInstallerInitializer"
66-->[androidx.profileinstaller:profileinstaller:1.3.0] AndroidManifest.xml:30:17-85
67                android:value="androidx.startup" />
67-->[androidx.profileinstaller:profileinstaller:1.3.0] AndroidManifest.xml:31:17-49
68        </provider>
69
70        <activity
70-->src\main\AndroidManifest.xml:33:9-41:20
71            android:name="com.sahyadri.samrakshane.MainActivity"
71-->src\main\AndroidManifest.xml:34:13-41
72            android:exported="true"
72-->src\main\AndroidManifest.xml:35:13-36
73            android:theme="@style/Theme.SahyadriSamrakshane" >
73-->src\main\AndroidManifest.xml:36:13-61
74            <intent-filter>
74-->src\main\AndroidManifest.xml:37:13-40:29
75                <action android:name="android.intent.action.MAIN" />
75-->src\main\AndroidManifest.xml:38:17-69
75-->src\main\AndroidManifest.xml:38:25-66
76
77                <category android:name="android.intent.category.LAUNCHER" />
77-->src\main\AndroidManifest.xml:39:17-77
77-->src\main\AndroidManifest.xml:39:27-74
78            </intent-filter>
79        </activity>
80
81        <service
81-->[androidx.camera:camera-camera2:1.3.1] AndroidManifest.xml:24:9-33:19
82            android:name="androidx.camera.core.impl.MetadataHolderService"
82-->[androidx.camera:camera-camera2:1.3.1] AndroidManifest.xml:25:13-75
83            android:enabled="false"
83-->[androidx.camera:camera-camera2:1.3.1] AndroidManifest.xml:26:13-36
84            android:exported="false" >
84-->[androidx.camera:camera-camera2:1.3.1] AndroidManifest.xml:27:13-37
85            <meta-data
85-->[androidx.camera:camera-camera2:1.3.1] AndroidManifest.xml:30:13-32:89
86                android:name="androidx.camera.core.impl.MetadataHolderService.DEFAULT_CONFIG_PROVIDER"
86-->[androidx.camera:camera-camera2:1.3.1] AndroidManifest.xml:31:17-103
87                android:value="androidx.camera.camera2.Camera2Config$DefaultProvider" />
87-->[androidx.camera:camera-camera2:1.3.1] AndroidManifest.xml:32:17-86
88        </service>
89        <service
89-->[com.google.firebase:firebase-firestore-ktx:24.11.0] AndroidManifest.xml:9:9-15:19
90            android:name="com.google.firebase.components.ComponentDiscoveryService"
90-->[com.google.firebase:firebase-firestore-ktx:24.11.0] AndroidManifest.xml:10:13-84
91            android:directBootAware="true"
91-->[com.google.firebase:firebase-common:20.4.3] AndroidManifest.xml:32:13-43
92            android:exported="false" >
92-->[com.google.firebase:firebase-firestore-ktx:24.11.0] AndroidManifest.xml:11:13-37
93            <meta-data
93-->[com.google.firebase:firebase-firestore-ktx:24.11.0] AndroidManifest.xml:12:13-14:85
94                android:name="com.google.firebase.components:com.google.firebase.firestore.ktx.FirebaseFirestoreLegacyRegistrar"
94-->[com.google.firebase:firebase-firestore-ktx:24.11.0] AndroidManifest.xml:13:17-129
95                android:value="com.google.firebase.components.ComponentRegistrar" />
95-->[com.google.firebase:firebase-firestore-ktx:24.11.0] AndroidManifest.xml:14:17-82
96            <meta-data
96-->[com.google.firebase:firebase-firestore:24.11.0] AndroidManifest.xml:17:13-19:85
97                android:name="com.google.firebase.components:com.google.firebase.firestore.FirebaseFirestoreKtxRegistrar"
97-->[com.google.firebase:firebase-firestore:24.11.0] AndroidManifest.xml:18:17-122
98                android:value="com.google.firebase.components.ComponentRegistrar" />
98-->[com.google.firebase:firebase-firestore:24.11.0] AndroidManifest.xml:19:17-82
99            <meta-data
99-->[com.google.firebase:firebase-firestore:24.11.0] AndroidManifest.xml:20:13-22:85
100                android:name="com.google.firebase.components:com.google.firebase.firestore.FirestoreRegistrar"
100-->[com.google.firebase:firebase-firestore:24.11.0] AndroidManifest.xml:21:17-111
101                android:value="com.google.firebase.components.ComponentRegistrar" />
101-->[com.google.firebase:firebase-firestore:24.11.0] AndroidManifest.xml:22:17-82
102            <meta-data
102-->[com.google.firebase:firebase-auth-ktx:22.3.1] AndroidManifest.xml:11:13-13:85
103                android:name="com.google.firebase.components:com.google.firebase.auth.ktx.FirebaseAuthLegacyRegistrar"
103-->[com.google.firebase:firebase-auth-ktx:22.3.1] AndroidManifest.xml:12:17-119
104                android:value="com.google.firebase.components.ComponentRegistrar" />
104-->[com.google.firebase:firebase-auth-ktx:22.3.1] AndroidManifest.xml:13:17-82
105            <meta-data
105-->[com.google.firebase:firebase-auth:22.3.1] AndroidManifest.xml:69:13-71:85
106                android:name="com.google.firebase.components:com.google.firebase.auth.FirebaseAuthRegistrar"
106-->[com.google.firebase:firebase-auth:22.3.1] AndroidManifest.xml:70:17-109
107                android:value="com.google.firebase.components.ComponentRegistrar" />
107-->[com.google.firebase:firebase-auth:22.3.1] AndroidManifest.xml:71:17-82
108            <meta-data
108-->[com.google.firebase:firebase-common-ktx:20.4.3] AndroidManifest.xml:12:13-14:85
109                android:name="com.google.firebase.components:com.google.firebase.ktx.FirebaseCommonLegacyRegistrar"
109-->[com.google.firebase:firebase-common-ktx:20.4.3] AndroidManifest.xml:13:17-116
110                android:value="com.google.firebase.components.ComponentRegistrar" />
110-->[com.google.firebase:firebase-common-ktx:20.4.3] AndroidManifest.xml:14:17-82
111            <meta-data
111-->[com.google.firebase:firebase-common:20.4.3] AndroidManifest.xml:35:13-37:85
112                android:name="com.google.firebase.components:com.google.firebase.FirebaseCommonKtxRegistrar"
112-->[com.google.firebase:firebase-common:20.4.3] AndroidManifest.xml:36:17-109
113                android:value="com.google.firebase.components.ComponentRegistrar" />
113-->[com.google.firebase:firebase-common:20.4.3] AndroidManifest.xml:37:17-82
114        </service> <!-- Needs to be explicitly declared on P+ -->
115        <uses-library
115-->[com.google.android.gms:play-services-maps:18.2.0] AndroidManifest.xml:39:9-41:40
116            android:name="org.apache.http.legacy"
116-->[com.google.android.gms:play-services-maps:18.2.0] AndroidManifest.xml:40:13-50
117            android:required="false" />
117-->[com.google.android.gms:play-services-maps:18.2.0] AndroidManifest.xml:41:13-37
118
119        <activity
119-->[com.google.firebase:firebase-auth:22.3.1] AndroidManifest.xml:29:9-46:20
120            android:name="com.google.firebase.auth.internal.GenericIdpActivity"
120-->[com.google.firebase:firebase-auth:22.3.1] AndroidManifest.xml:30:13-80
121            android:excludeFromRecents="true"
121-->[com.google.firebase:firebase-auth:22.3.1] AndroidManifest.xml:31:13-46
122            android:exported="true"
122-->[com.google.firebase:firebase-auth:22.3.1] AndroidManifest.xml:32:13-36
123            android:launchMode="singleTask"
123-->[com.google.firebase:firebase-auth:22.3.1] AndroidManifest.xml:33:13-44
124            android:theme="@android:style/Theme.Translucent.NoTitleBar" >
124-->[com.google.firebase:firebase-auth:22.3.1] AndroidManifest.xml:34:13-72
125            <intent-filter>
125-->[com.google.firebase:firebase-auth:22.3.1] AndroidManifest.xml:35:13-45:29
126                <action android:name="android.intent.action.VIEW" />
126-->[com.google.firebase:firebase-auth:22.3.1] AndroidManifest.xml:36:17-69
126-->[com.google.firebase:firebase-auth:22.3.1] AndroidManifest.xml:36:25-66
127
128                <category android:name="android.intent.category.DEFAULT" />
128-->[com.google.firebase:firebase-auth:22.3.1] AndroidManifest.xml:38:17-76
128-->[com.google.firebase:firebase-auth:22.3.1] AndroidManifest.xml:38:27-73
129                <category android:name="android.intent.category.BROWSABLE" />
129-->[com.google.firebase:firebase-auth:22.3.1] AndroidManifest.xml:39:17-78
129-->[com.google.firebase:firebase-auth:22.3.1] AndroidManifest.xml:39:27-75
130
131                <data
131-->[com.google.firebase:firebase-auth:22.3.1] AndroidManifest.xml:41:17-44:51
132                    android:host="firebase.auth"
132-->[com.google.firebase:firebase-auth:22.3.1] AndroidManifest.xml:42:21-49
133                    android:path="/"
133-->[com.google.firebase:firebase-auth:22.3.1] AndroidManifest.xml:43:21-37
134                    android:scheme="genericidp" />
134-->[com.google.firebase:firebase-auth:22.3.1] AndroidManifest.xml:44:21-48
135            </intent-filter>
136        </activity>
137        <activity
137-->[com.google.firebase:firebase-auth:22.3.1] AndroidManifest.xml:47:9-64:20
138            android:name="com.google.firebase.auth.internal.RecaptchaActivity"
138-->[com.google.firebase:firebase-auth:22.3.1] AndroidManifest.xml:48:13-79
139            android:excludeFromRecents="true"
139-->[com.google.firebase:firebase-auth:22.3.1] AndroidManifest.xml:49:13-46
140            android:exported="true"
140-->[com.google.firebase:firebase-auth:22.3.1] AndroidManifest.xml:50:13-36
141            android:launchMode="singleTask"
141-->[com.google.firebase:firebase-auth:22.3.1] AndroidManifest.xml:51:13-44
142            android:theme="@android:style/Theme.Translucent.NoTitleBar" >
142-->[com.google.firebase:firebase-auth:22.3.1] AndroidManifest.xml:52:13-72
143            <intent-filter>
143-->[com.google.firebase:firebase-auth:22.3.1] AndroidManifest.xml:53:13-63:29
144                <action android:name="android.intent.action.VIEW" />
144-->[com.google.firebase:firebase-auth:22.3.1] AndroidManifest.xml:36:17-69
144-->[com.google.firebase:firebase-auth:22.3.1] AndroidManifest.xml:36:25-66
145
146                <category android:name="android.intent.category.DEFAULT" />
146-->[com.google.firebase:firebase-auth:22.3.1] AndroidManifest.xml:38:17-76
146-->[com.google.firebase:firebase-auth:22.3.1] AndroidManifest.xml:38:27-73
147                <category android:name="android.intent.category.BROWSABLE" />
147-->[com.google.firebase:firebase-auth:22.3.1] AndroidManifest.xml:39:17-78
147-->[com.google.firebase:firebase-auth:22.3.1] AndroidManifest.xml:39:27-75
148
149                <data
149-->[com.google.firebase:firebase-auth:22.3.1] AndroidManifest.xml:41:17-44:51
150                    android:host="firebase.auth"
150-->[com.google.firebase:firebase-auth:22.3.1] AndroidManifest.xml:42:21-49
151                    android:path="/"
151-->[com.google.firebase:firebase-auth:22.3.1] AndroidManifest.xml:43:21-37
152                    android:scheme="recaptcha" />
152-->[com.google.firebase:firebase-auth:22.3.1] AndroidManifest.xml:44:21-48
153            </intent-filter>
154        </activity>
155        <activity
155-->[com.google.android.gms:play-services-base:18.1.0] AndroidManifest.xml:20:9-22:45
156            android:name="com.google.android.gms.common.api.GoogleApiActivity"
156-->[com.google.android.gms:play-services-base:18.1.0] AndroidManifest.xml:20:19-85
157            android:exported="false"
157-->[com.google.android.gms:play-services-base:18.1.0] AndroidManifest.xml:22:19-43
158            android:theme="@android:style/Theme.Translucent.NoTitleBar" />
158-->[com.google.android.gms:play-services-base:18.1.0] AndroidManifest.xml:21:19-78
159
160        <service
160-->[androidx.work:work-runtime:2.9.0] AndroidManifest.xml:39:9-45:35
161            android:name="androidx.work.impl.background.systemalarm.SystemAlarmService"
161-->[androidx.work:work-runtime:2.9.0] AndroidManifest.xml:40:13-88
162            android:directBootAware="false"
162-->[androidx.work:work-runtime:2.9.0] AndroidManifest.xml:41:13-44
163            android:enabled="@bool/enable_system_alarm_service_default"
163-->[androidx.work:work-runtime:2.9.0] AndroidManifest.xml:42:13-72
164            android:exported="false" />
164-->[androidx.work:work-runtime:2.9.0] AndroidManifest.xml:43:13-37
165        <service
165-->[androidx.work:work-runtime:2.9.0] AndroidManifest.xml:46:9-52:35
166            android:name="androidx.work.impl.background.systemjob.SystemJobService"
166-->[androidx.work:work-runtime:2.9.0] AndroidManifest.xml:47:13-84
167            android:directBootAware="false"
167-->[androidx.work:work-runtime:2.9.0] AndroidManifest.xml:48:13-44
168            android:enabled="@bool/enable_system_job_service_default"
168-->[androidx.work:work-runtime:2.9.0] AndroidManifest.xml:49:13-70
169            android:exported="true"
169-->[androidx.work:work-runtime:2.9.0] AndroidManifest.xml:50:13-36
170            android:permission="android.permission.BIND_JOB_SERVICE" />
170-->[androidx.work:work-runtime:2.9.0] AndroidManifest.xml:51:13-69
171        <service
171-->[androidx.work:work-runtime:2.9.0] AndroidManifest.xml:53:9-59:35
172            android:name="androidx.work.impl.foreground.SystemForegroundService"
172-->[androidx.work:work-runtime:2.9.0] AndroidManifest.xml:54:13-81
173            android:directBootAware="false"
173-->[androidx.work:work-runtime:2.9.0] AndroidManifest.xml:55:13-44
174            android:enabled="@bool/enable_system_foreground_service_default"
174-->[androidx.work:work-runtime:2.9.0] AndroidManifest.xml:56:13-77
175            android:exported="false" />
175-->[androidx.work:work-runtime:2.9.0] AndroidManifest.xml:57:13-37
176
177        <receiver
177-->[androidx.work:work-runtime:2.9.0] AndroidManifest.xml:61:9-66:35
178            android:name="androidx.work.impl.utils.ForceStopRunnable$BroadcastReceiver"
178-->[androidx.work:work-runtime:2.9.0] AndroidManifest.xml:62:13-88
179            android:directBootAware="false"
179-->[androidx.work:work-runtime:2.9.0] AndroidManifest.xml:63:13-44
180            android:enabled="true"
180-->[androidx.work:work-runtime:2.9.0] AndroidManifest.xml:64:13-35
181            android:exported="false" />
181-->[androidx.work:work-runtime:2.9.0] AndroidManifest.xml:65:13-37
182        <receiver
182-->[androidx.work:work-runtime:2.9.0] AndroidManifest.xml:67:9-77:20
183            android:name="androidx.work.impl.background.systemalarm.ConstraintProxy$BatteryChargingProxy"
183-->[androidx.work:work-runtime:2.9.0] AndroidManifest.xml:68:13-106
184            android:directBootAware="false"
184-->[androidx.work:work-runtime:2.9.0] AndroidManifest.xml:69:13-44
185            android:enabled="false"
185-->[androidx.work:work-runtime:2.9.0] AndroidManifest.xml:70:13-36
186            android:exported="false" >
186-->[androidx.work:work-runtime:2.9.0] AndroidManifest.xml:71:13-37
187            <intent-filter>
187-->[androidx.work:work-runtime:2.9.0] AndroidManifest.xml:73:13-76:29
188                <action android:name="android.intent.action.ACTION_POWER_CONNECTED" />
188-->[androidx.work:work-runtime:2.9.0] AndroidManifest.xml:74:17-87
188-->[androidx.work:work-runtime:2.9.0] AndroidManifest.xml:74:25-84
189                <action android:name="android.intent.action.ACTION_POWER_DISCONNECTED" />
189-->[androidx.work:work-runtime:2.9.0] AndroidManifest.xml:75:17-90
189-->[androidx.work:work-runtime:2.9.0] AndroidManifest.xml:75:25-87
190            </intent-filter>
191        </receiver>
192        <receiver
192-->[androidx.work:work-runtime:2.9.0] AndroidManifest.xml:78:9-88:20
193            android:name="androidx.work.impl.background.systemalarm.ConstraintProxy$BatteryNotLowProxy"
193-->[androidx.work:work-runtime:2.9.0] AndroidManifest.xml:79:13-104
194            android:directBootAware="false"
194-->[androidx.work:work-runtime:2.9.0] AndroidManifest.xml:80:13-44
195            android:enabled="false"
195-->[androidx.work:work-runtime:2.9.0] AndroidManifest.xml:81:13-36
196            android:exported="false" >
196-->[androidx.work:work-runtime:2.9.0] AndroidManifest.xml:82:13-37
197            <intent-filter>
197-->[androidx.work:work-runtime:2.9.0] AndroidManifest.xml:84:13-87:29
198                <action android:name="android.intent.action.BATTERY_OKAY" />
198-->[androidx.work:work-runtime:2.9.0] AndroidManifest.xml:85:17-77
198-->[androidx.work:work-runtime:2.9.0] AndroidManifest.xml:85:25-74
199                <action android:name="android.intent.action.BATTERY_LOW" />
199-->[androidx.work:work-runtime:2.9.0] AndroidManifest.xml:86:17-76
199-->[androidx.work:work-runtime:2.9.0] AndroidManifest.xml:86:25-73
200            </intent-filter>
201        </receiver>
202        <receiver
202-->[androidx.work:work-runtime:2.9.0] AndroidManifest.xml:89:9-99:20
203            android:name="androidx.work.impl.background.systemalarm.ConstraintProxy$StorageNotLowProxy"
203-->[androidx.work:work-runtime:2.9.0] AndroidManifest.xml:90:13-104
204            android:directBootAware="false"
204-->[androidx.work:work-runtime:2.9.0] AndroidManifest.xml:91:13-44
205            android:enabled="false"
205-->[androidx.work:work-runtime:2.9.0] AndroidManifest.xml:92:13-36
206            android:exported="false" >
206-->[androidx.work:work-runtime:2.9.0] AndroidManifest.xml:93:13-37
207            <intent-filter>
207-->[androidx.work:work-runtime:2.9.0] AndroidManifest.xml:95:13-98:29
208                <action android:name="android.intent.action.DEVICE_STORAGE_LOW" />
208-->[androidx.work:work-runtime:2.9.0] AndroidManifest.xml:96:17-83
208-->[androidx.work:work-runtime:2.9.0] AndroidManifest.xml:96:25-80
209                <action android:name="android.intent.action.DEVICE_STORAGE_OK" />
209-->[androidx.work:work-runtime:2.9.0] AndroidManifest.xml:97:17-82
209-->[androidx.work:work-runtime:2.9.0] AndroidManifest.xml:97:25-79
210            </intent-filter>
211        </receiver>
212        <receiver
212-->[androidx.work:work-runtime:2.9.0] AndroidManifest.xml:100:9-109:20
213            android:name="androidx.work.impl.background.systemalarm.ConstraintProxy$NetworkStateProxy"
213-->[androidx.work:work-runtime:2.9.0] AndroidManifest.xml:101:13-103
214            android:directBootAware="false"
214-->[androidx.work:work-runtime:2.9.0] AndroidManifest.xml:102:13-44
215            android:enabled="false"
215-->[androidx.work:work-runtime:2.9.0] AndroidManifest.xml:103:13-36
216            android:exported="false" >
216-->[androidx.work:work-runtime:2.9.0] AndroidManifest.xml:104:13-37
217            <intent-filter>
217-->[androidx.work:work-runtime:2.9.0] AndroidManifest.xml:106:13-108:29
218                <action android:name="android.net.conn.CONNECTIVITY_CHANGE" />
218-->[androidx.work:work-runtime:2.9.0] AndroidManifest.xml:107:17-79
218-->[androidx.work:work-runtime:2.9.0] AndroidManifest.xml:107:25-76
219            </intent-filter>
220        </receiver>
221        <receiver
221-->[androidx.work:work-runtime:2.9.0] AndroidManifest.xml:110:9-121:20
222            android:name="androidx.work.impl.background.systemalarm.RescheduleReceiver"
222-->[androidx.work:work-runtime:2.9.0] AndroidManifest.xml:111:13-88
223            android:directBootAware="false"
223-->[androidx.work:work-runtime:2.9.0] AndroidManifest.xml:112:13-44
224            android:enabled="false"
224-->[androidx.work:work-runtime:2.9.0] AndroidManifest.xml:113:13-36
225            android:exported="false" >
225-->[androidx.work:work-runtime:2.9.0] AndroidManifest.xml:114:13-37
226            <intent-filter>
226-->[androidx.work:work-runtime:2.9.0] AndroidManifest.xml:116:13-120:29
227                <action android:name="android.intent.action.BOOT_COMPLETED" />
227-->[androidx.work:work-runtime:2.9.0] AndroidManifest.xml:117:17-79
227-->[androidx.work:work-runtime:2.9.0] AndroidManifest.xml:117:25-76
228                <action android:name="android.intent.action.TIME_SET" />
228-->[androidx.work:work-runtime:2.9.0] AndroidManifest.xml:118:17-73
228-->[androidx.work:work-runtime:2.9.0] AndroidManifest.xml:118:25-70
229                <action android:name="android.intent.action.TIMEZONE_CHANGED" />
229-->[androidx.work:work-runtime:2.9.0] AndroidManifest.xml:119:17-81
229-->[androidx.work:work-runtime:2.9.0] AndroidManifest.xml:119:25-78
230            </intent-filter>
231        </receiver>
232        <receiver
232-->[androidx.work:work-runtime:2.9.0] AndroidManifest.xml:122:9-131:20
233            android:name="androidx.work.impl.background.systemalarm.ConstraintProxyUpdateReceiver"
233-->[androidx.work:work-runtime:2.9.0] AndroidManifest.xml:123:13-99
234            android:directBootAware="false"
234-->[androidx.work:work-runtime:2.9.0] AndroidManifest.xml:124:13-44
235            android:enabled="@bool/enable_system_alarm_service_default"
235-->[androidx.work:work-runtime:2.9.0] AndroidManifest.xml:125:13-72
236            android:exported="false" >
236-->[androidx.work:work-runtime:2.9.0] AndroidManifest.xml:126:13-37
237            <intent-filter>
237-->[androidx.work:work-runtime:2.9.0] AndroidManifest.xml:128:13-130:29
238                <action android:name="androidx.work.impl.background.systemalarm.UpdateProxies" />
238-->[androidx.work:work-runtime:2.9.0] AndroidManifest.xml:129:17-98
238-->[androidx.work:work-runtime:2.9.0] AndroidManifest.xml:129:25-95
239            </intent-filter>
240        </receiver>
241        <receiver
241-->[androidx.work:work-runtime:2.9.0] AndroidManifest.xml:132:9-142:20
242            android:name="androidx.work.impl.diagnostics.DiagnosticsReceiver"
242-->[androidx.work:work-runtime:2.9.0] AndroidManifest.xml:133:13-78
243            android:directBootAware="false"
243-->[androidx.work:work-runtime:2.9.0] AndroidManifest.xml:134:13-44
244            android:enabled="true"
244-->[androidx.work:work-runtime:2.9.0] AndroidManifest.xml:135:13-35
245            android:exported="true"
245-->[androidx.work:work-runtime:2.9.0] AndroidManifest.xml:136:13-36
246            android:permission="android.permission.DUMP" >
246-->[androidx.work:work-runtime:2.9.0] AndroidManifest.xml:137:13-57
247            <intent-filter>
247-->[androidx.work:work-runtime:2.9.0] AndroidManifest.xml:139:13-141:29
248                <action android:name="androidx.work.diagnostics.REQUEST_DIAGNOSTICS" />
248-->[androidx.work:work-runtime:2.9.0] AndroidManifest.xml:140:17-88
248-->[androidx.work:work-runtime:2.9.0] AndroidManifest.xml:140:25-85
249            </intent-filter>
250        </receiver>
251
252        <provider
252-->[com.google.firebase:firebase-common:20.4.3] AndroidManifest.xml:23:9-28:39
253            android:name="com.google.firebase.provider.FirebaseInitProvider"
253-->[com.google.firebase:firebase-common:20.4.3] AndroidManifest.xml:24:13-77
254            android:authorities="com.sahyadri.samrakshane.firebaseinitprovider"
254-->[com.google.firebase:firebase-common:20.4.3] AndroidManifest.xml:25:13-72
255            android:directBootAware="true"
255-->[com.google.firebase:firebase-common:20.4.3] AndroidManifest.xml:26:13-43
256            android:exported="false"
256-->[com.google.firebase:firebase-common:20.4.3] AndroidManifest.xml:27:13-37
257            android:initOrder="100" />
257-->[com.google.firebase:firebase-common:20.4.3] AndroidManifest.xml:28:13-36
258
259        <service
259-->[androidx.room:room-runtime:2.6.1] AndroidManifest.xml:24:9-28:63
260            android:name="androidx.room.MultiInstanceInvalidationService"
260-->[androidx.room:room-runtime:2.6.1] AndroidManifest.xml:25:13-74
261            android:directBootAware="true"
261-->[androidx.room:room-runtime:2.6.1] AndroidManifest.xml:26:13-43
262            android:exported="false" />
262-->[androidx.room:room-runtime:2.6.1] AndroidManifest.xml:27:13-37
263
264        <receiver
264-->[androidx.profileinstaller:profileinstaller:1.3.0] AndroidManifest.xml:34:9-52:20
265            android:name="androidx.profileinstaller.ProfileInstallReceiver"
265-->[androidx.profileinstaller:profileinstaller:1.3.0] AndroidManifest.xml:35:13-76
266            android:directBootAware="false"
266-->[androidx.profileinstaller:profileinstaller:1.3.0] AndroidManifest.xml:36:13-44
267            android:enabled="true"
267-->[androidx.profileinstaller:profileinstaller:1.3.0] AndroidManifest.xml:37:13-35
268            android:exported="true"
268-->[androidx.profileinstaller:profileinstaller:1.3.0] AndroidManifest.xml:38:13-36